<?xml version="1.0" encoding="UTF-8"?>
<!-- Generated by org.testng.reporters.JUnitReportReporter -->
<testsuite hostname="TYSS-Chandana-M" failures="0" tests="3" name="testng_concepts.ToCheck_TestNG" time="0.018" errors="0" timestamp="2024-05-31T08:49:49 IST" skipped="0">
  <testcase classname="testng_concepts.ToCheck_TestNG" name="method_02" time="0.014"/>
  <system-out>
    <![CDATA[selenium
selenium-2]]>
  </system-out>
  <testcase classname="testng_concepts.ToCheck_TestNG" name="method_01" time="0.002"/>
  <system-out>
    <![CDATA[selenium
selenium-1]]>
  </system-out>
  <testcase classname="testng_concepts.ToCheck_TestNG" name="method_03" time="0.002"/>
  <system-out>
    <![CDATA[selenium
selenium-3]]>
  </system-out>
</testsuite> <!-- testng_concepts.ToCheck_TestNG -->
