<?xml version="1.0" encoding="UTF-8"?>
<!-- Generated by org.testng.reporters.JUnitReportReporter -->
<testsuite hostname="TYSS-Chandana-M" failures="0" tests="2" name="scripts.ToLaunch_app2" time="17.911" errors="0" timestamp="2024-06-05T08:23:59 IST" skipped="0">
  <testcase classname="scripts.ToLaunch_app2" name="m1" time="10.836"/>
  <testcase classname="scripts.ToLaunch_app2" name="m2" time="7.075"/>
</testsuite> <!-- scripts.ToLaunch_app2 -->
