<?xml version="1.0" encoding="UTF-8"?>
<!-- Generated by org.testng.reporters.JUnitReportReporter -->
<testsuite hostname="TYSS-Chandana-M" failures="0" tests="1" name="testng_concepts.ToWork_HelperAttribute_TPS" time="7.728" errors="0" timestamp="2024-06-01T07:33:17 IST" skipped="0">
  <testcase classname="testng_concepts.ToWork_HelperAttribute_TPS" name="method_02" time="7.728">
    <system-out>
      <![CDATA[selenium
selenium-2]]>
    </system-out>
  </testcase> <!-- method_02 -->
  <system-out>
    <![CDATA[selenium
selenium-2]]>
  </system-out>
</testsuite> <!-- testng_concepts.ToWork_HelperAttribute_TPS -->
