<?xml version="1.0" encoding="UTF-8"?>
<!-- Generated by org.testng.reporters.JUnitReportReporter -->
<testsuite hostname="TYSS-Chandana-M" failures="0" tests="1" name="scripts.ToLaunch_app1" time="9.020" errors="0" timestamp="2024-06-05T08:23:59 IST" skipped="0">
  <testcase classname="scripts.ToLaunch_app1" name="m1" time="9.020"/>
</testsuite> <!-- scripts.ToLaunch_app1 -->
