<?xml version="1.0" encoding="UTF-8"?>
<!-- Generated by org.testng.reporters.JUnitReportReporter -->
<testsuite hostname="TYSS-Chandana-M" failures="0" tests="2" name="testng_concepts.ToWork_HelperAttribute_IC" time="13.233" errors="0" timestamp="2024-06-01T07:19:08 IST" skipped="0">
  <testcase classname="testng_concepts.ToWork_HelperAttribute_IC" name="method_02" time="8.113">
    <system-out>
      <![CDATA[selenium
selenium-2]]>
    </system-out>
  </testcase> <!-- method_02 -->
  <testcase classname="testng_concepts.ToWork_HelperAttribute_IC" name="method_02" time="5.120">
    <system-out>
      <![CDATA[selenium
selenium-2]]>
    </system-out>
  </testcase> <!-- method_02 -->
  <system-out>
    <![CDATA[selenium
selenium-2
selenium
selenium-2]]>
  </system-out>
</testsuite> <!-- testng_concepts.ToWork_HelperAttribute_IC -->
