<?xml version="1.0" encoding="UTF-8"?>
<!-- Generated by org.testng.reporters.JUnitReportReporter -->
<testsuite hostname="TYSS-Chandana-M" failures="0" tests="1" name="TestNG_Adv.TestScript_001" time="4.498" errors="0" timestamp="2024-06-03T08:30:12 IST" skipped="0">
  <testcase classname="TestNG_Adv.TestScript_001" name="FT_01" time="4.498"/>
  <system-out>
    <![CDATA[connection to database
beforesuite
beforetest
launch browser and navigate to app
beforeclass
login to app
beforemethod
logout app
aftermethod
close browser
afterclass
aftertest
dis-connection to database
aftersuite]]>
  </system-out>
</testsuite> <!-- TestNG_Adv.TestScript_001 -->
